
> fluid-calendar@0.1.0 type-check
> tsc --noEmit

src/app/api/calendar/caldav/route.ts(183,60): error TS2769: No overload matches this call.
  Overload 1 of 2, '(value: { id: string | SQL<unknown> | Placeholder<string, any>; name: string | SQL<unknown> | Placeholder<string, any>; type: string | SQL<unknown> | Placeholder<string, any>; ... 14 more ...; ctag?: string | ... 3 more ... | undefined; }): PgInsertBase<...>', gave the following error.
    Type 'string' is not assignable to type 'Date | SQL<unknown> | Placeholder<string, any> | null | undefined'.
  Overload 2 of 2, '(values: { id: string | SQL<unknown> | Placeholder<string, any>; name: string | SQL<unknown> | Placeholder<string, any>; type: string | SQL<unknown> | Placeholder<string, any>; ... 14 more ...; ctag?: string | ... 3 more ... | undefined; }[]): PgInsertBase<...>', gave the following error.
    Object literal may only specify known properties, and 'id' does not exist in type '{ id: string | SQL<unknown> | Placeholder<string, any>; name: string | SQL<unknown> | Placeholder<string, any>; type: string | SQL<unknown> | Placeholder<string, any>; ... 14 more ...; ctag?: string | ... 3 more ... | undefined; }[]'.
src/app/api/calendar/google/available/route.ts(75,30): error TS2339: Property 'some' does not exist on type 'never'.
src/app/api/calendar/google/available/route.ts(75,36): error TS7006: Parameter 'f' implicitly has an 'any' type.
src/app/api/calendar/google/route.ts(133,19): error TS2769: No overload matches this call.
  Overload 1 of 3, '(left: PgColumn<{ name: "url"; tableName: "CalendarFeed"; dataType: "string"; columnType: "PgText"; data: string; driverParam: string; notNull: false; hasDefault: false; isPrimaryKey: false; isAutoincrement: false; ... 4 more ...; generated: undefined; }, {}, {}>, right: string | SQLWrapper): SQL<...>', gave the following error.
    Argument of type 'string | null | undefined' is not assignable to parameter of type 'string | SQLWrapper'.
      Type 'undefined' is not assignable to type 'string | SQLWrapper'.
  Overload 2 of 3, '(left: Aliased<string | null | undefined>, right: string | SQLWrapper | null | undefined): SQL<unknown>', gave the following error.
    Argument of type 'PgColumn<{ name: "url"; tableName: "CalendarFeed"; dataType: "string"; columnType: "PgText"; data: string; driverParam: string; notNull: false; hasDefault: false; isPrimaryKey: false; isAutoincrement: false; ... 4 more ...; generated: undefined; }, {}, {}>' is not assignable to parameter of type 'Aliased<string | null | undefined>'.
      Type 'PgColumn<{ name: "url"; tableName: "CalendarFeed"; dataType: "string"; columnType: "PgText"; data: string; driverParam: string; notNull: false; hasDefault: false; isPrimaryKey: false; isAutoincrement: false; ... 4 more ...; generated: undefined; }, {}, {}>' is missing the following properties from type 'Aliased<string | null | undefined>': sql, fieldAlias
  Overload 3 of 3, '(left: never, right: unknown): SQL<unknown>', gave the following error.
    Argument of type 'PgColumn<{ name: "url"; tableName: "CalendarFeed"; dataType: "string"; columnType: "PgText"; data: string; driverParam: string; notNull: false; hasDefault: false; isPrimaryKey: false; isAutoincrement: false; ... 4 more ...; generated: undefined; }, {}, {}>' is not assignable to parameter of type 'never'.
src/app/api/calendar/google/route.ts(365,19): error TS2769: No overload matches this call.
  Overload 1 of 3, '(left: PgColumn<{ name: "externalEventId"; tableName: "CalendarEvent"; dataType: "string"; columnType: "PgText"; data: string; driverParam: string; notNull: false; hasDefault: false; isPrimaryKey: false; ... 5 more ...; generated: undefined; }, {}, {}>, right: string | SQLWrapper): SQL<...>', gave the following error.
    Argument of type 'string | null | undefined' is not assignable to parameter of type 'string | SQLWrapper'.
      Type 'undefined' is not assignable to type 'string | SQLWrapper'.
  Overload 2 of 3, '(left: Aliased<string | null | undefined>, right: string | SQLWrapper | null | undefined): SQL<unknown>', gave the following error.
    Argument of type 'PgColumn<{ name: "externalEventId"; tableName: "CalendarEvent"; dataType: "string"; columnType: "PgText"; data: string; driverParam: string; notNull: false; hasDefault: false; isPrimaryKey: false; ... 5 more ...; generated: undefined; }, {}, {}>' is not assignable to parameter of type 'Aliased<string | null | undefined>'.
      Type 'PgColumn<{ name: "externalEventId"; tableName: "CalendarEvent"; dataType: "string"; columnType: "PgText"; data: string; driverParam: string; notNull: false; hasDefault: false; isPrimaryKey: false; ... 5 more ...; generated: undefined; }, {}, {}>' is missing the following properties from type 'Aliased<string | null | undefined>': sql, fieldAlias
  Overload 3 of 3, '(left: never, right: unknown): SQL<unknown>', gave the following error.
    Argument of type 'PgColumn<{ name: "externalEventId"; tableName: "CalendarEvent"; dataType: "string"; columnType: "PgText"; data: string; driverParam: string; notNull: false; hasDefault: false; isPrimaryKey: false; ... 5 more ...; generated: undefined; }, {}, {}>' is not assignable to parameter of type 'never'.
src/app/api/calendar/google/route.ts(377,17): error TS2769: No overload matches this call.
  Overload 1 of 3, '(left: PgColumn<{ name: "externalEventId"; tableName: "CalendarEvent"; dataType: "string"; columnType: "PgText"; data: string; driverParam: string; notNull: false; hasDefault: false; isPrimaryKey: false; ... 5 more ...; generated: undefined; }, {}, {}>, right: string | SQLWrapper): SQL<...>', gave the following error.
    Argument of type 'string | null | undefined' is not assignable to parameter of type 'string | SQLWrapper'.
      Type 'undefined' is not assignable to type 'string | SQLWrapper'.
  Overload 2 of 3, '(left: Aliased<string | null | undefined>, right: string | SQLWrapper | null | undefined): SQL<unknown>', gave the following error.
    Argument of type 'PgColumn<{ name: "externalEventId"; tableName: "CalendarEvent"; dataType: "string"; columnType: "PgText"; data: string; driverParam: string; notNull: false; hasDefault: false; isPrimaryKey: false; ... 5 more ...; generated: undefined; }, {}, {}>' is not assignable to parameter of type 'Aliased<string | null | undefined>'.
      Type 'PgColumn<{ name: "externalEventId"; tableName: "CalendarEvent"; dataType: "string"; columnType: "PgText"; data: string; driverParam: string; notNull: false; hasDefault: false; isPrimaryKey: false; ... 5 more ...; generated: undefined; }, {}, {}>' is missing the following properties from type 'Aliased<string | null | undefined>': sql, fieldAlias
  Overload 3 of 3, '(left: never, right: unknown): SQL<unknown>', gave the following error.
    Argument of type 'PgColumn<{ name: "externalEventId"; tableName: "CalendarEvent"; dataType: "string"; columnType: "PgText"; data: string; driverParam: string; notNull: false; hasDefault: false; isPrimaryKey: false; ... 5 more ...; generated: undefined; }, {}, {}>' is not assignable to parameter of type 'never'.
src/app/api/calendar/outlook/available/route.ts(75,45): error TS2339: Property 'some' does not exist on type 'never'.
src/app/api/calendar/outlook/available/route.ts(75,51): error TS7006: Parameter 'f' implicitly has an 'any' type.
src/app/api/calendar/outlook/route.ts(89,55): error TS2345: Argument of type '{ id: string; provider: string; email: string; accessToken: any; refreshToken: any; expiresAt: Date; createdAt: Date; updatedAt: Date; caldavUrl: null; caldavUsername: null; userId: string; }' is not assignable to parameter of type '{ id: string; email: string; createdAt: Date; updatedAt: Date; userId: string; provider: string; providerAccountId: string | null; scope: string | null; accessToken: string; refreshToken: string | null; expiresAt: Date; tokenType: string | null; caldavUrl: string | null; caldavUsername: string | null; }'.
  Type '{ id: string; provider: string; email: string; accessToken: any; refreshToken: any; expiresAt: Date; createdAt: Date; updatedAt: Date; caldavUrl: null; caldavUsername: null; userId: string; }' is missing the following properties from type '{ id: string; email: string; createdAt: Date; updatedAt: Date; userId: string; provider: string; providerAccountId: string | null; scope: string | null; accessToken: string; refreshToken: string | null; expiresAt: Date; tokenType: string | null; caldavUrl: string | null; caldavUsername: string | null; }': providerAccountId, scope, tokenType
src/app/api/export/tasks/route.ts(40,9): error TS2353: Object literal may only specify known properties, and 'createdAt' does not exist in type 'ValueOrArray<SQL<unknown> | AnyColumn> | ((fields: { id: PgColumn<{ name: "id"; tableName: "Task"; dataType: "string"; columnType: "PgText"; data: string; driverParam: string; ... 8 more ...; generated: undefined; }, {}, {}>; ... 37 more ...; updatedAt: PgColumn<...>; }, operators: { ...; }) => ValueOrArray<...>)'.
src/app/api/export/tasks/route.ts(47,7): error TS2322: Type '{ name: string; }' is not assignable to type 'ValueOrArray<SQL<unknown> | AnyColumn> | ((fields: { id: PgColumn<{ name: "id"; tableName: "Project"; dataType: "string"; columnType: "PgText"; data: string; driverParam: string; ... 8 more ...; generated: undefined; }, {}, {}>; ... 9 more ...; updatedAt: PgColumn<...>; }, operators: { ...; }) => ValueOrArray<...>) ...'.
  Type '{ name: string; }' is not assignable to type 'undefined'.
src/app/api/export/tasks/route.ts(55,7): error TS2322: Type '{ name: string; }' is not assignable to type 'ValueOrArray<SQL<unknown> | AnyColumn> | ((fields: { id: PgColumn<{ name: "id"; tableName: "Tag"; dataType: "string"; columnType: "PgText"; data: string; driverParam: string; ... 8 more ...; generated: undefined; }, {}, {}>; userId: PgColumn<...>; name: PgColumn<...>; color: PgColumn<...>; createdAt: PgColumn<...>; ...'.
  Type '{ name: string; }' is not assignable to type 'undefined'.
src/app/api/logs/batch/route.ts(18,33): error TS2339: Property 'writeBatch' does not exist on type 'ServerLogger'.
src/app/api/logs/sources/route.ts(14,7): error TS2322: Type 'string[]' is not assignable to type 'never'.
src/app/api/setup/route.ts(146,26): error TS2304: Cannot find name 'systemSettings'.
src/app/api/task-sync/mappings/route.ts(82,9): error TS2353: Object literal may only specify known properties, and 'createdAt' does not exist in type 'ValueOrArray<SQL<unknown> | AnyColumn> | ((fields: { id: PgColumn<{ name: "id"; tableName: "TaskListMapping"; dataType: "string"; columnType: "PgText"; data: string; driverParam: string; ... 8 more ...; generated: undefined; }, {}, {}>; ... 12 more ...; updatedAt: PgColumn<...>; }, operators: { ...; }) => ValueOrArr...'.
src/app/api/task-sync/mappings/route.ts(90,31): error TS2551: Property 'provider' does not exist on type '{ id: string; createdAt: Date; updatedAt: Date; lastSyncedAt: Date | null; projectId: string; isAutoScheduled: boolean; externalListId: string; syncStatus: string | null; ... 5 more ...; lastError: string | null; }'. Did you mean 'providerId'?
src/app/api/task-sync/mappings/route.ts(91,31): error TS2551: Property 'provider' does not exist on type '{ id: string; createdAt: Date; updatedAt: Date; lastSyncedAt: Date | null; projectId: string; isAutoScheduled: boolean; externalListId: string; syncStatus: string | null; ... 5 more ...; lastError: string | null; }'. Did you mean 'providerId'?
src/app/api/task-sync/mappings/route.ts(95,30): error TS2551: Property 'project' does not exist on type '{ id: string; createdAt: Date; updatedAt: Date; lastSyncedAt: Date | null; projectId: string; isAutoScheduled: boolean; externalListId: string; syncStatus: string | null; ... 5 more ...; lastError: string | null; }'. Did you mean 'projectId'?
src/app/api/task-sync/mappings/route.ts(96,31): error TS2551: Property 'project' does not exist on type '{ id: string; createdAt: Date; updatedAt: Date; lastSyncedAt: Date | null; projectId: string; isAutoScheduled: boolean; externalListId: string; syncStatus: string | null; ... 5 more ...; lastError: string | null; }'. Did you mean 'projectId'?
src/app/api/task-sync/mappings/route.ts(213,13): error TS18048: 'mapping' is possibly 'undefined'.
src/app/api/task-sync/mappings/route.ts(214,21): error TS18048: 'mapping' is possibly 'undefined'.
src/app/api/task-sync/mappings/route.ts(215,23): error TS18048: 'mapping' is possibly 'undefined'.
src/app/api/task-sync/mappings/route.ts(216,23): error TS18048: 'mapping' is possibly 'undefined'.
src/app/api/task-sync/mappings/route.ts(217,25): error TS18048: 'mapping' is possibly 'undefined'.
src/app/api/task-sync/mappings/route.ts(218,27): error TS18048: 'mapping' is possibly 'undefined'.
src/app/api/task-sync/mappings/route.ts(219,20): error TS18048: 'mapping' is possibly 'undefined'.
src/app/api/task-sync/mappings/route.ts(220,22): error TS18048: 'mapping' is possibly 'undefined'.
src/app/api/task-sync/mappings/route.ts(221,23): error TS18048: 'mapping' is possibly 'undefined'.
src/app/api/task-sync/mappings/route.ts(222,22): error TS18048: 'mapping' is possibly 'undefined'.
src/app/api/task-sync/mappings/route.ts(223,23): error TS18048: 'mapping' is possibly 'undefined'.
src/app/api/task-sync/mappings/route.ts(224,20): error TS18048: 'mapping' is possibly 'undefined'.
src/app/api/task-sync/mappings/route.ts(225,20): error TS18048: 'mapping' is possibly 'undefined'.
src/app/api/task-sync/mappings/route.ts(226,20): error TS18048: 'mapping' is possibly 'undefined'.
src/app/api/task-sync/sync/route.open.ts(100,13): error TS2353: Object literal may only specify known properties, and 'id' does not exist in type 'SQL<unknown> | ((fields: { id: PgColumn<{ name: "id"; tableName: "TaskListMapping"; dataType: "string"; columnType: "PgText"; data: string; driverParam: string; notNull: true; hasDefault: false; isPrimaryKey: true; ... 5 more ...; generated: undefined; }, {}, {}>; ... 12 more ...; updatedAt: PgColumn<...>; }, operat...'.
src/app/api/task-sync/sync/route.open.ts(126,49): error TS2345: Argument of type '{ id: string; createdAt: Date; updatedAt: Date; lastSyncedAt: Date | null; projectId: string; isAutoScheduled: boolean; externalListId: string; syncStatus: string | null; ... 5 more ...; lastError: string | null; }' is not assignable to parameter of type 'string | ({ id: string; createdAt: Date; updatedAt: Date; lastSyncedAt: Date | null; projectId: string; isAutoScheduled: boolean; externalListId: string; syncStatus: string | null; ... 5 more ...; lastError: string | null; } & { ...; })'.
  Type '{ id: string; createdAt: Date; updatedAt: Date; lastSyncedAt: Date | null; projectId: string; isAutoScheduled: boolean; externalListId: string; syncStatus: string | null; ... 5 more ...; lastError: string | null; }' is not assignable to type '{ id: string; createdAt: Date; updatedAt: Date; lastSyncedAt: Date | null; projectId: string; isAutoScheduled: boolean; externalListId: string; syncStatus: string | null; ... 5 more ...; lastError: string | null; } & { ...; }'.
    Property 'provider' is missing in type '{ id: string; createdAt: Date; updatedAt: Date; lastSyncedAt: Date | null; projectId: string; isAutoScheduled: boolean; externalListId: string; syncStatus: string | null; ... 5 more ...; lastError: string | null; }' but required in type '{ provider: { id: string; name: string; createdAt: Date; updatedAt: Date; userId: string; type: string; accountId: string | null; accessToken: string | null; refreshToken: string | null; ... 7 more ...; settings: unknown; }; }'.
src/app/api/task-sync/sync/route.open.ts(131,13): error TS2353: Object literal may only specify known properties, and 'id' does not exist in type 'SQL<unknown> | ((fields: { id: PgColumn<{ name: "id"; tableName: "TaskProvider"; dataType: "string"; columnType: "PgText"; data: string; driverParam: string; notNull: true; hasDefault: false; isPrimaryKey: true; ... 5 more ...; generated: undefined; }, {}, {}>; ... 15 more ...; updatedAt: PgColumn<...>; }, operators...'.
src/app/api/task-sync/sync/route.open.ts(148,20): error TS2353: Object literal may only specify known properties, and 'providerId' does not exist in type 'SQL<unknown> | ((fields: { id: PgColumn<{ name: "id"; tableName: "TaskListMapping"; dataType: "string"; columnType: "PgText"; data: string; driverParam: string; notNull: true; hasDefault: false; isPrimaryKey: true; ... 5 more ...; generated: undefined; }, {}, {}>; ... 12 more ...; updatedAt: PgColumn<...>; }, operat...'.
src/app/api/task-sync/sync/route.open.ts(156,66): error TS2345: Argument of type '{ id: string; createdAt: Date; updatedAt: Date; lastSyncedAt: Date | null; projectId: string; isAutoScheduled: boolean; externalListId: string; syncStatus: string | null; ... 5 more ...; lastError: string | null; }' is not assignable to parameter of type 'string | ({ id: string; createdAt: Date; updatedAt: Date; lastSyncedAt: Date | null; projectId: string; isAutoScheduled: boolean; externalListId: string; syncStatus: string | null; ... 5 more ...; lastError: string | null; } & { ...; })'.
  Type '{ id: string; createdAt: Date; updatedAt: Date; lastSyncedAt: Date | null; projectId: string; isAutoScheduled: boolean; externalListId: string; syncStatus: string | null; ... 5 more ...; lastError: string | null; }' is not assignable to type '{ id: string; createdAt: Date; updatedAt: Date; lastSyncedAt: Date | null; projectId: string; isAutoScheduled: boolean; externalListId: string; syncStatus: string | null; ... 5 more ...; lastError: string | null; } & { ...; }'.
    Property 'provider' is missing in type '{ id: string; createdAt: Date; updatedAt: Date; lastSyncedAt: Date | null; projectId: string; isAutoScheduled: boolean; externalListId: string; syncStatus: string | null; ... 5 more ...; lastError: string | null; }' but required in type '{ provider: { id: string; name: string; createdAt: Date; updatedAt: Date; userId: string; type: string; accountId: string | null; accessToken: string | null; refreshToken: string | null; ... 7 more ...; settings: unknown; }; }'.
src/app/api/tasks/[id]/route.ts(158,62): error TS2769: No overload matches this call.
  Overload 1 of 2, '(value: { id: string | SQL<unknown> | Placeholder<string, any>; title: string | SQL<unknown> | Placeholder<string, any>; duration?: number | SQL<unknown> | Placeholder<...> | null | undefined; ... 35 more ...; isBreakTask?: boolean | ... 2 more ... | undefined; }): PgInsertBase<...>', gave the following error.
    Argument of type '{ title: string; description: string | null; status: TaskStatus; dueDate: Date; startDate: Date | null; duration: number | null; priority: string | null; energyLevel: string | null; ... 4 more ...; userId: string; }' is not assignable to parameter of type '{ id: string | SQL<unknown> | Placeholder<string, any>; title: string | SQL<unknown> | Placeholder<string, any>; duration?: number | SQL<unknown> | Placeholder<string, any> | null | undefined; ... 35 more ...; isBreakTask?: boolean | ... 2 more ... | undefined; }'.
      Property 'id' is missing in type '{ title: string; description: string | null; status: TaskStatus; dueDate: Date; startDate: Date | null; duration: number | null; priority: string | null; energyLevel: string | null; ... 4 more ...; userId: string; }' but required in type '{ id: string | SQL<unknown> | Placeholder<string, any>; title: string | SQL<unknown> | Placeholder<string, any>; duration?: number | SQL<unknown> | Placeholder<string, any> | null | undefined; ... 35 more ...; isBreakTask?: boolean | ... 2 more ... | undefined; }'.
  Overload 2 of 2, '(values: { id: string | SQL<unknown> | Placeholder<string, any>; title: string | SQL<unknown> | Placeholder<string, any>; duration?: number | SQL<unknown> | Placeholder<...> | null | undefined; ... 35 more ...; isBreakTask?: boolean | ... 2 more ... | undefined; }[]): PgInsertBase<...>', gave the following error.
    Object literal may only specify known properties, and 'title' does not exist in type '{ id: string | SQL<unknown> | Placeholder<string, any>; title: string | SQL<unknown> | Placeholder<string, any>; duration?: number | SQL<unknown> | Placeholder<string, any> | null | undefined; ... 35 more ...; isBreakTask?: boolean | ... 2 more ... | undefined; }[]'.
src/app/api/tasks/[id]/route.ts(179,28): error TS2339: Property 'id' does not exist on type '{ taskId: string; tagId: string; }'.
src/app/api/tasks/route.ts(97,53): error TS2339: Property 'id' does not exist on type '{ taskId: string; tagId: string; }'.
src/app/api/tasks/route.ts(189,9): error TS18048: 'task' is possibly 'undefined'.
src/app/api/tasks/route.ts(198,43): error TS18048: 'task' is possibly 'undefined'.
src/app/api/tasks/route.ts(200,19): error TS18048: 'task' is possibly 'undefined'.
src/db/index.ts(7,22): error TS7016: Could not find a declaration file for module 'pg'. 'C:/Users/johnb/Documents/GitHub/fluid-calendar-io/node_modules/pg/esm/index.mjs' implicitly has an 'any' type.
  Try `npm i --save-dev @types/pg` if it exists or add a new declaration (.d.ts) file containing `declare module 'pg';`
src/lib/caldav-calendar.ts(831,13): error TS2769: No overload matches this call.
  Overload 1 of 3, '(left: PgColumn<{ name: "id"; tableName: "CalendarEvent"; dataType: "string"; columnType: "PgText"; data: string; driverParam: string; notNull: true; hasDefault: false; isPrimaryKey: true; isAutoincrement: false; ... 4 more ...; generated: undefined; }, {}, {}>, right: string | SQLWrapper): SQL<...>', gave the following error.
    Argument of type 'string | undefined' is not assignable to parameter of type 'string | SQLWrapper'.
      Type 'undefined' is not assignable to type 'string | SQLWrapper'.
  Overload 2 of 3, '(left: Aliased<string | undefined>, right: string | SQLWrapper | undefined): SQL<unknown>', gave the following error.
    Argument of type 'PgColumn<{ name: "id"; tableName: "CalendarEvent"; dataType: "string"; columnType: "PgText"; data: string; driverParam: string; notNull: true; hasDefault: false; isPrimaryKey: true; isAutoincrement: false; ... 4 more ...; generated: undefined; }, {}, {}>' is not assignable to parameter of type 'Aliased<string | undefined>'.
      Type 'PgColumn<{ name: "id"; tableName: "CalendarEvent"; dataType: "string"; columnType: "PgText"; data: string; driverParam: string; notNull: true; hasDefault: false; isPrimaryKey: true; isAutoincrement: false; ... 4 more ...; generated: undefined; }, {}, {}>' is missing the following properties from type 'Aliased<string | undefined>': sql, fieldAlias
  Overload 3 of 3, '(left: never, right: unknown): SQL<unknown>', gave the following error.
    Argument of type 'PgColumn<{ name: "id"; tableName: "CalendarEvent"; dataType: "string"; columnType: "PgText"; data: string; driverParam: string; notNull: true; hasDefault: false; isPrimaryKey: true; isAutoincrement: false; ... 4 more ...; generated: undefined; }, {}, {}>' is not assignable to parameter of type 'never'.
src/lib/caldav-calendar.ts(1118,11): error TS2353: Object literal may only specify known properties, and 'url' does not exist in type 'SQL<unknown> | ((fields: { id: PgColumn<{ name: "id"; tableName: "CalendarFeed"; dataType: "string"; columnType: "PgText"; data: string; driverParam: string; notNull: true; hasDefault: false; isPrimaryKey: true; ... 5 more ...; generated: undefined; }, {}, {}>; ... 16 more ...; updatedAt: PgColumn<...>; }, operators...'.
src/lib/logger/server.ts(12,29): error TS2769: No overload matches this call.
  Overload 1 of 2, '(value: { id: string | SQL<unknown> | Placeholder<string, any>; expiresAt: Date | SQL<unknown> | Placeholder<string, any>; level: string | SQL<unknown> | Placeholder<...>; message: string | ... 1 more ... | Placeholder<...>; source?: string | ... 3 more ... | undefined; timestamp?: Date | ... 2 more ... | undefined; metadata?: unknown; }): PgInsertBase<...>', gave the following error.
    Argument of type '{ id: string; level: LogLevel; message: string; metadata: string | null; source: string | null; timestamp: Date; }' is not assignable to parameter of type '{ id: string | SQL<unknown> | Placeholder<string, any>; expiresAt: Date | SQL<unknown> | Placeholder<string, any>; level: string | SQL<unknown> | Placeholder<...>; message: string | ... 1 more ... | Placeholder<...>; source?: string | ... 3 more ... | undefined; timestamp?: Date | ... 2 more ... | undefined; metadat...'.
      Property 'expiresAt' is missing in type '{ id: string; level: LogLevel; message: string; metadata: string | null; source: string | null; timestamp: Date; }' but required in type '{ id: string | SQL<unknown> | Placeholder<string, any>; expiresAt: Date | SQL<unknown> | Placeholder<string, any>; level: string | SQL<unknown> | Placeholder<...>; message: string | ... 1 more ... | Placeholder<...>; source?: string | ... 3 more ... | undefined; timestamp?: Date | ... 2 more ... | undefined; metadat...'.
  Overload 2 of 2, '(values: { id: string | SQL<unknown> | Placeholder<string, any>; expiresAt: Date | SQL<unknown> | Placeholder<string, any>; level: string | SQL<unknown> | Placeholder<...>; message: string | ... 1 more ... | Placeholder<...>; source?: string | ... 3 more ... | undefined; timestamp?: Date | ... 2 more ... | undefined; metadata?: unknown; }[]): PgInsertBase<...>', gave the following error.
    Object literal may only specify known properties, and 'id' does not exist in type '{ id: string | SQL<unknown> | Placeholder<string, any>; expiresAt: Date | SQL<unknown> | Placeholder<string, any>; level: string | SQL<unknown> | Placeholder<...>; message: string | ... 1 more ... | Placeholder<...>; source?: string | ... 3 more ... | undefined; timestamp?: Date | ... 2 more ... | undefined; metadat...'.
src/lib/mcp/tools/fitbit-tools.ts(80,27): error TS2339: Property 'elevation' does not exist on type '{ date: Date; id: string; createdAt: Date; updatedAt: Date; userId: string; steps: number | null; distance: number | null; floors: number | null; calories: number | null; ... 4 more ...; veryActiveMinutes: number | null; }'.
src/lib/mcp/tools/fitbit-tools.ts(117,9): error TS2353: Object literal may only specify known properties, and 'date' does not exist in type 'ValueOrArray<SQL<unknown> | AnyColumn> | ((fields: { id: PgColumn<{ name: "id"; tableName: "FitbitSleep"; dataType: "string"; columnType: "PgText"; data: string; driverParam: string; ... 8 more ...; generated: undefined; }, {}, {}>; ... 11 more ...; updatedAt: PgColumn<...>; }, operators: { ...; }) => ValueOrArray<....'.
src/lib/mcp/tools/fitbit-tools.ts(139,11): error TS2353: Object literal may only specify known properties, and 'date' does not exist in type 'ValueOrArray<SQL<unknown> | AnyColumn> | ((fields: { id: PgColumn<{ name: "id"; tableName: "FitbitSleep"; dataType: "string"; columnType: "PgText"; data: string; driverParam: string; ... 8 more ...; generated: undefined; }, {}, {}>; ... 11 more ...; updatedAt: PgColumn<...>; }, operators: { ...; }) => ValueOrArray<....'.
src/lib/mcp/tools/fitbit-tools.ts(157,26): error TS2339: Property 'deepSleep' does not exist on type '{ date: Date; duration: number; id: string; createdAt: Date; updatedAt: Date; userId: string; startTime: Date; endTime: Date; minutesAsleep: number; minutesAwake: number; efficiency: number | null; timeInBed: number | null; sleepStages: unknown; }'.
src/lib/mcp/tools/fitbit-tools.ts(158,27): error TS2339: Property 'lightSleep' does not exist on type '{ date: Date; duration: number; id: string; createdAt: Date; updatedAt: Date; userId: string; startTime: Date; endTime: Date; minutesAsleep: number; minutesAwake: number; efficiency: number | null; timeInBed: number | null; sleepStages: unknown; }'.
src/lib/mcp/tools/fitbit-tools.ts(159,25): error TS2339: Property 'remSleep' does not exist on type '{ date: Date; duration: number; id: string; createdAt: Date; updatedAt: Date; userId: string; startTime: Date; endTime: Date; minutesAsleep: number; minutesAwake: number; efficiency: number | null; timeInBed: number | null; sleepStages: unknown; }'.
src/lib/mcp/tools/fitbit-tools.ts(228,35): error TS2339: Property 'averageHeartRate' does not exist on type '{ date: Date; id: string; createdAt: Date; updatedAt: Date; userId: string; restingHeartRate: number | null; heartRateZones: unknown; }'.
src/lib/mcp/tools/fitbit-tools.ts(229,31): error TS2339: Property 'maxHeartRate' does not exist on type '{ date: Date; id: string; createdAt: Date; updatedAt: Date; userId: string; restingHeartRate: number | null; heartRateZones: unknown; }'.
src/lib/mcp/tools/fitbit-tools.ts(230,31): error TS2339: Property 'minHeartRate' does not exist on type '{ date: Date; id: string; createdAt: Date; updatedAt: Date; userId: string; restingHeartRate: number | null; heartRateZones: unknown; }'.
src/lib/mcp/tools/fitbit-tools.ts(231,24): error TS2339: Property 'zones' does not exist on type '{ date: Date; id: string; createdAt: Date; updatedAt: Date; userId: string; restingHeartRate: number | null; heartRateZones: unknown; }'.
src/lib/mcp/tools/fitbit-tools.ts(270,9): error TS2353: Object literal may only specify known properties, and 'date' does not exist in type 'ValueOrArray<SQL<unknown> | AnyColumn> | ((fields: { id: PgColumn<{ name: "id"; tableName: "FitbitActivity"; dataType: "string"; columnType: "PgText"; data: string; driverParam: string; ... 8 more ...; generated: undefined; }, {}, {}>; ... 12 more ...; updatedAt: PgColumn<...>; }, operators: { ...; }) => ValueOrArra...'.
src/lib/mcp/tools/fitbit-tools.ts(275,60): error TS18047: 'a.steps' is possibly 'null'.
src/lib/mcp/tools/fitbit-tools.ts(276,63): error TS18047: 'a.distance' is possibly 'null'.
src/lib/mcp/tools/fitbit-tools.ts(277,63): error TS18047: 'a.calories' is possibly 'null'.
src/lib/mcp/tools/task-tools.ts(92,13): error TS2353: Object literal may only specify known properties, and 'id' does not exist in type '{ taskId?: boolean | undefined; tagId?: boolean | undefined; }'.
src/lib/mcp/tools/task-tools.ts(99,11): error TS2353: Object literal may only specify known properties, and 'priority' does not exist in type 'SQL<unknown> | AnyColumn'.
src/lib/mcp/tools/task-tools.ts(100,11): error TS2353: Object literal may only specify known properties, and 'dueDate' does not exist in type 'SQL<unknown> | AnyColumn'.
src/lib/mcp/tools/task-tools.ts(101,11): error TS2353: Object literal may only specify known properties, and 'createdAt' does not exist in type 'SQL<unknown> | AnyColumn'.
src/lib/mcp/tools/task-tools.ts(134,30): error TS7006: Parameter 'tag' implicitly has an 'any' type.
src/lib/mcp/tools/task-tools.ts(218,17): error TS18047: 'task.project' is possibly 'null'.
src/lib/mcp/tools/task-tools.ts(219,19): error TS18047: 'task.project' is possibly 'null'.
src/lib/mcp/tools/task-tools.ts(220,20): error TS18047: 'task.project' is possibly 'null'.
src/lib/mcp/tools/task-tools.ts(302,25): error TS18048: 'task' is possibly 'undefined'.
src/lib/mcp/tools/task-tools.ts(309,13): error TS18048: 'task' is possibly 'undefined'.
src/lib/mcp/tools/task-tools.ts(310,16): error TS18048: 'task' is possibly 'undefined'.
src/lib/mcp/tools/task-tools.ts(311,22): error TS18048: 'task' is possibly 'undefined'.
src/lib/mcp/tools/task-tools.ts(312,17): error TS18048: 'task' is possibly 'undefined'.
src/lib/mcp/tools/task-tools.ts(313,19): error TS18048: 'task' is possibly 'undefined'.
src/lib/mcp/tools/task-tools.ts(314,18): error TS18048: 'task' is possibly 'undefined'.
src/lib/mcp/tools/task-tools.ts(314,33): error TS18048: 'task' is possibly 'undefined'.
src/lib/mcp/tools/task-tools.ts(317,17): error TS18048: 'task' is possibly 'undefined'.
src/lib/mcp/tools/task-tools.ts(317,17): error TS18047: 'task.project' is possibly 'null'.
src/lib/mcp/tools/task-tools.ts(318,19): error TS18048: 'task' is possibly 'undefined'.
src/lib/mcp/tools/task-tools.ts(318,19): error TS18047: 'task.project' is possibly 'null'.
src/lib/mcp/tools/task-tools.ts(319,20): error TS18048: 'task' is possibly 'undefined'.
src/lib/mcp/tools/task-tools.ts(319,20): error TS18047: 'task.project' is possibly 'null'.
src/lib/setup-actions.ts(18,45): error TS2322: Type 'void' is not assignable to type 'string | number | boolean | string[] | LogMetadata[] | { [key: string]: LogMetadata; } | null'.
src/lib/setup-actions.ts(18,45): error TS2448: Block-scoped variable 'userCount' used before its declaration.
src/lib/setup-actions.ts(20,26): error TS2367: This comparison appears to be unintentional because the types 'void' and 'number' have no overlap.
src/lib/task-sync/task-change-tracker.ts(158,11): error TS2353: Object literal may only specify known properties, and 'timestamp' does not exist in type 'ValueOrArray<SQL<unknown> | AnyColumn> | ((fields: { id: PgColumn<{ name: "id"; tableName: "TaskChange"; dataType: "string"; columnType: "PgText"; data: string; driverParam: string; ... 8 more ...; generated: undefined; }, {}, {}>; ... 8 more ...; createdAt: PgColumn<...>; }, operators: { ...; }) => ValueOrArray<...>)'.
src/lib/task-sync/task-change-tracker.ts(199,11): error TS2353: Object literal may only specify known properties, and 'timestamp' does not exist in type 'ValueOrArray<SQL<unknown> | AnyColumn> | ((fields: { id: PgColumn<{ name: "id"; tableName: "TaskChange"; dataType: "string"; columnType: "PgText"; data: string; driverParam: string; ... 8 more ...; generated: undefined; }, {}, {}>; ... 8 more ...; createdAt: PgColumn<...>; }, operators: { ...; }) => ValueOrArray<...>)'.
src/lib/task-sync/task-sync-manager.ts(582,15): error TS2353: Object literal may only specify known properties, and 'timestamp' does not exist in type 'ValueOrArray<SQL<unknown> | AnyColumn> | ((fields: { id: PgColumn<{ name: "id"; tableName: "TaskChange"; dataType: "string"; columnType: "PgText"; data: string; driverParam: string; ... 8 more ...; generated: undefined; }, {}, {}>; ... 8 more ...; createdAt: PgColumn<...>; }, operators: { ...; }) => ValueOrArray<...>)'.
src/services/adhd/BreakProtectionService.ts(220,9): error TS2353: Object literal may only specify known properties, and 'scheduledStart' does not exist in type 'ValueOrArray<SQL<unknown> | AnyColumn> | ((fields: { id: PgColumn<{ name: "id"; tableName: "Task"; dataType: "string"; columnType: "PgText"; data: string; driverParam: string; ... 8 more ...; generated: undefined; }, {}, {}>; ... 37 more ...; updatedAt: PgColumn<...>; }, operators: { ...; }) => ValueOrArray<...>)'.
src/services/adhd/HabitTrackingService.ts(56,24): error TS2353: Object literal may only specify known properties, and 'date' does not exist in type 'ValueOrArray<SQL<unknown> | AnyColumn> | ((fields: { id: PgColumn<{ name: "id"; tableName: "HabitLog"; dataType: "string"; columnType: "PgText"; data: string; driverParam: string; ... 8 more ...; generated: undefined; }, {}, {}>; ... 4 more ...; mood: PgColumn<...>; }, operators: { ...; }) => ValueOrArray<...>)'.
src/services/adhd/HabitTrackingService.ts(66,57): error TS2345: Argument of type '{ id: string; name: string; createdAt: Date; updatedAt: Date; userId: string; color: string | null; description: string | null; icon: string | null; category: string | null; ... 8 more ...; isActive: boolean; }' is not assignable to parameter of type 'HabitWithLogs'.
  Property 'logs' is missing in type '{ id: string; name: string; createdAt: Date; updatedAt: Date; userId: string; color: string | null; description: string | null; icon: string | null; category: string | null; ... 8 more ...; isActive: boolean; }' but required in type '{ logs: { date: Date; id: string; completedAt: Date; habitId: string; note: string | null; mood: string | null; }[]; }'.
src/services/adhd/HabitTrackingService.ts(179,22): error TS2353: Object literal may only specify known properties, and 'date' does not exist in type 'ValueOrArray<SQL<unknown> | AnyColumn> | ((fields: { id: PgColumn<{ name: "id"; tableName: "HabitLog"; dataType: "string"; columnType: "PgText"; data: string; driverParam: string; ... 8 more ...; generated: undefined; }, {}, {}>; ... 4 more ...; mood: PgColumn<...>; }, operators: { ...; }) => ValueOrArray<...>)'.
src/services/adhd/HabitTrackingService.ts(205,35): error TS2339: Property 'logs' does not exist on type '{ id: string; name: string; createdAt: Date; updatedAt: Date; userId: string; color: string | null; description: string | null; icon: string | null; category: string | null; ... 8 more ...; isActive: boolean; }'.
src/services/adhd/HabitTrackingService.ts(205,48): error TS7006: Parameter 'log' implicitly has an 'any' type.
src/services/adhd/HabitTrackingService.ts(238,10): error TS7006: Parameter 'log' implicitly has an 'any' type.
src/services/adhd/HabitTrackingService.ts(276,5): error TS2322: Type '{ id: string; name: string; createdAt: Date; updatedAt: Date; userId: string; color: string | null; description: string | null; icon: string | null; category: string | null; ... 8 more ...; isActive: boolean; } | undefined' is not assignable to type '{ id: string; name: string; createdAt: Date; updatedAt: Date; userId: string; color: string | null; description: string | null; icon: string | null; category: string | null; ... 8 more ...; isActive: boolean; } | null'.
  Type 'undefined' is not assignable to type '{ id: string; name: string; createdAt: Date; updatedAt: Date; userId: string; color: string | null; description: string | null; icon: string | null; category: string | null; ... 8 more ...; isActive: boolean; } | null'.
src/services/adhd/HabitTrackingService.ts(296,9): error TS2353: Object literal may only specify known properties, and 'createdAt' does not exist in type 'ValueOrArray<SQL<unknown> | AnyColumn> | ((fields: { id: PgColumn<{ name: "id"; tableName: "Habit"; dataType: "string"; columnType: "PgText"; data: string; driverParam: string; ... 8 more ...; generated: undefined; }, {}, {}>; ... 16 more ...; updatedAt: PgColumn<...>; }, operators: { ...; }) => ValueOrArray<...>)'.
src/services/adhd/HabitTrackingService.ts(316,22): error TS2353: Object literal may only specify known properties, and 'date' does not exist in type 'ValueOrArray<SQL<unknown> | AnyColumn> | ((fields: { id: PgColumn<{ name: "id"; tableName: "HabitLog"; dataType: "string"; columnType: "PgText"; data: string; driverParam: string; ... 8 more ...; generated: undefined; }, {}, {}>; ... 4 more ...; mood: PgColumn<...>; }, operators: { ...; }) => ValueOrArray<...>)'.
src/services/adhd/HabitTrackingService.ts(326,62): error TS2345: Argument of type '{ id: string; name: string; createdAt: Date; updatedAt: Date; userId: string; color: string | null; description: string | null; icon: string | null; category: string | null; ... 8 more ...; isActive: boolean; }' is not assignable to parameter of type 'HabitWithLogs'.
  Property 'logs' is missing in type '{ id: string; name: string; createdAt: Date; updatedAt: Date; userId: string; color: string | null; description: string | null; icon: string | null; category: string | null; ... 8 more ...; isActive: boolean; }' but required in type '{ logs: { date: Date; id: string; completedAt: Date; habitId: string; note: string | null; mood: string | null; }[]; }'.
src/services/adhd/HabitTrackingService.ts(330,25): error TS2345: Argument of type '{ id: string; name: string; createdAt: Date; updatedAt: Date; userId: string; color: string | null; description: string | null; icon: string | null; category: string | null; ... 8 more ...; isActive: boolean; }[]' is not assignable to parameter of type 'PgTable<TableConfig>'.
  Type '{ id: string; name: string; createdAt: Date; updatedAt: Date; userId: string; color: string | null; description: string | null; icon: string | null; category: string | null; ... 8 more ...; isActive: boolean; }[]' is missing the following properties from type 'PgTable<TableConfig>': _, $inferSelect, $inferInsert, getSQL
src/services/adhd/HabitTrackingService.ts(332,28): error TS2339: Property 'id' does not exist on type '{ id: string; name: string; createdAt: Date; updatedAt: Date; userId: string; color: string | null; description: string | null; icon: string | null; category: string | null; ... 8 more ...; isActive: boolean; }[]'.
src/services/adhd/HabitTrackingService.ts(419,5): error TS2322: Type '{ id: string; name: string; createdAt: Date; updatedAt: Date; userId: string; color: string | null; description: string | null; icon: string | null; category: string | null; ... 8 more ...; isActive: boolean; } | undefined' is not assignable to type '{ id: string; name: string; createdAt: Date; updatedAt: Date; userId: string; color: string | null; description: string | null; icon: string | null; category: string | null; ... 8 more ...; isActive: boolean; }'.
  Type 'undefined' is not assignable to type '{ id: string; name: string; createdAt: Date; updatedAt: Date; userId: string; color: string | null; description: string | null; icon: string | null; category: string | null; ... 8 more ...; isActive: boolean; }'.
src/services/adhd/HabitTrackingService.ts(455,9): error TS2353: Object literal may only specify known properties, and 'date' does not exist in type 'ValueOrArray<SQL<unknown> | AnyColumn> | ((fields: { id: PgColumn<{ name: "id"; tableName: "HabitLog"; dataType: "string"; columnType: "PgText"; data: string; driverParam: string; ... 8 more ...; generated: undefined; }, {}, {}>; ... 4 more ...; mood: PgColumn<...>; }, operators: { ...; }) => ValueOrArray<...>)'.
src/services/adhd/MoodEnergyService.ts(128,9): error TS2353: Object literal may only specify known properties, and 'timestamp' does not exist in type 'ValueOrArray<SQL<unknown> | AnyColumn> | ((fields: { id: PgColumn<{ name: "id"; tableName: "MoodEntry"; dataType: "string"; columnType: "PgText"; data: string; driverParam: string; ... 8 more ...; generated: undefined; }, {}, {}>; ... 8 more ...; createdAt: PgColumn<...>; }, operators: { ...; }) => ValueOrArray<...>)'.
src/services/adhd/MoodEnergyService.ts(358,9): error TS2353: Object literal may only specify known properties, and 'timestamp' does not exist in type 'ValueOrArray<SQL<unknown> | AnyColumn> | ((fields: { id: PgColumn<{ name: "id"; tableName: "MoodEntry"; dataType: "string"; columnType: "PgText"; data: string; driverParam: string; ... 8 more ...; generated: undefined; }, {}, {}>; ... 8 more ...; createdAt: PgColumn<...>; }, operators: { ...; }) => ValueOrArray<...>)'.
src/services/adhd/MoodEnergyService.ts(458,9): error TS2353: Object literal may only specify known properties, and 'timestamp' does not exist in type 'ValueOrArray<SQL<unknown> | AnyColumn> | ((fields: { id: PgColumn<{ name: "id"; tableName: "MoodEntry"; dataType: "string"; columnType: "PgText"; data: string; driverParam: string; ... 8 more ...; generated: undefined; }, {}, {}>; ... 8 more ...; createdAt: PgColumn<...>; }, operators: { ...; }) => ValueOrArray<...>)'.
src/services/adhd/PomodoroService.ts(131,27): error TS2552: Cannot find name 'tasks'. Did you mean 'task'?
src/services/adhd/PomodoroService.ts(133,23): error TS2552: Cannot find name 'tasks'. Did you mean 'task'?
src/services/adhd/PomodoroService.ts(148,7): error TS2322: Type '{ id: string; createdAt: Date; userId: string; type: string; taskId: string | null; startedAt: Date; endedAt: Date | null; workDuration: number; breakDuration: number; completed: boolean; interrupted: boolean; interruptReason: string | null; task: { ...; } | null; } | undefined' is not assignable to type '{ id: string; createdAt: Date; userId: string; type: string; taskId: string | null; startedAt: Date; endedAt: Date | null; workDuration: number; breakDuration: number; completed: boolean; interrupted: boolean; interruptReason: string | null; }'.
  Type 'undefined' is not assignable to type '{ id: string; createdAt: Date; userId: string; type: string; taskId: string | null; startedAt: Date; endedAt: Date | null; workDuration: number; breakDuration: number; completed: boolean; interrupted: boolean; interruptReason: string | null; }'.
src/services/adhd/PomodoroService.ts(203,7): error TS2322: Type '{ id: string; createdAt: Date; userId: string; type: string; taskId: string | null; startedAt: Date; endedAt: Date | null; workDuration: number; breakDuration: number; completed: boolean; interrupted: boolean; interruptReason: string | null; } | undefined' is not assignable to type '{ id: string; createdAt: Date; userId: string; type: string; taskId: string | null; startedAt: Date; endedAt: Date | null; workDuration: number; breakDuration: number; completed: boolean; interrupted: boolean; interruptReason: string | null; }'.
  Type 'undefined' is not assignable to type '{ id: string; createdAt: Date; userId: string; type: string; taskId: string | null; startedAt: Date; endedAt: Date | null; workDuration: number; breakDuration: number; completed: boolean; interrupted: boolean; interruptReason: string | null; }'.
src/services/adhd/PomodoroService.ts(220,5): error TS2322: Type '{ id: string; createdAt: Date; userId: string; type: string; taskId: string | null; startedAt: Date; endedAt: Date | null; workDuration: number; breakDuration: number; completed: boolean; interrupted: boolean; interruptReason: string | null; } | undefined' is not assignable to type '{ id: string; createdAt: Date; userId: string; type: string; taskId: string | null; startedAt: Date; endedAt: Date | null; workDuration: number; breakDuration: number; completed: boolean; interrupted: boolean; interruptReason: string | null; } | null'.
  Type 'undefined' is not assignable to type '{ id: string; createdAt: Date; userId: string; type: string; taskId: string | null; startedAt: Date; endedAt: Date | null; workDuration: number; breakDuration: number; completed: boolean; interrupted: boolean; interruptReason: string | null; } | null'.
src/services/adhd/PomodoroService.ts(227,9): error TS2353: Object literal may only specify known properties, and 'startedAt' does not exist in type 'ValueOrArray<SQL<unknown> | AnyColumn> | ((fields: { id: PgColumn<{ name: "id"; tableName: "PomodoroSession"; dataType: "string"; columnType: "PgText"; data: string; driverParam: string; ... 8 more ...; generated: undefined; }, {}, {}>; ... 10 more ...; createdAt: PgColumn<...>; }, operators: { ...; }) => ValueOrArr...'.
src/services/adhd/PomodoroService.ts(257,9): error TS2353: Object literal may only specify known properties, and 'startedAt' does not exist in type 'ValueOrArray<SQL<unknown> | AnyColumn> | ((fields: { id: PgColumn<{ name: "id"; tableName: "PomodoroSession"; dataType: "string"; columnType: "PgText"; data: string; driverParam: string; ... 8 more ...; generated: undefined; }, {}, {}>; ... 10 more ...; createdAt: PgColumn<...>; }, operators: { ...; }) => ValueOrArr...'.
src/services/adhd/PomodoroService.ts(364,9): error TS2353: Object literal may only specify known properties, and 'startedAt' does not exist in type 'ValueOrArray<SQL<unknown> | AnyColumn> | ((fields: { id: PgColumn<{ name: "id"; tableName: "PomodoroSession"; dataType: "string"; columnType: "PgText"; data: string; driverParam: string; ... 8 more ...; generated: undefined; }, {}, {}>; ... 10 more ...; createdAt: PgColumn<...>; }, operators: { ...; }) => ValueOrArr...'.
src/services/adhd/RescheduleSuggestionService.ts(625,7): error TS2322: Type '{ duration: number | null; id: string; createdAt: Date; updatedAt: Date; userId: string | null; title: string; description: string | null; status: string; recurrenceRule: string | null; ... 29 more ...; isBreakTask: boolean; } | undefined' is not assignable to type '{ duration: number | null; id: string; createdAt: Date; updatedAt: Date; userId: string | null; title: string; description: string | null; status: string; recurrenceRule: string | null; ... 29 more ...; isBreakTask: boolean; }'.
  Type 'undefined' is not assignable to type '{ duration: number | null; id: string; createdAt: Date; updatedAt: Date; userId: string | null; title: string; description: string | null; status: string; recurrenceRule: string | null; ... 29 more ...; isBreakTask: boolean; }'.
src/services/adhd/RescheduleSuggestionService.ts(705,9): error TS2353: Object literal may only specify known properties, and 'confidence' does not exist in type 'ValueOrArray<SQL<unknown> | AnyColumn> | ((fields: { id: PgColumn<{ name: "id"; tableName: "ScheduleSuggestion"; dataType: "string"; columnType: "PgText"; data: string; driverParam: string; ... 8 more ...; generated: undefined; }, {}, {}>; ... 12 more ...; expiresAt: PgColumn<...>; }, operators: { ...; }) => ValueOr...'.
src/services/adhd/RoutineService.ts(39,18): error TS2353: Object literal may only specify known properties, and 'userId' does not exist in type 'SQL<unknown> | ((fields: { id: PgColumn<{ name: "id"; tableName: "Routine"; dataType: "string"; columnType: "PgText"; data: string; driverParam: string; notNull: true; hasDefault: false; isPrimaryKey: true; isAutoincrement: false; ... 4 more ...; generated: undefined; }, {}, {}>; ... 9 more ...; updatedAt: PgColumn<...'.
src/services/adhd/RoutineService.ts(42,24): error TS2353: Object literal may only specify known properties, and 'order' does not exist in type 'ValueOrArray<SQL<unknown> | AnyColumn> | ((fields: { id: PgColumn<{ name: "id"; tableName: "RoutineTask"; dataType: "string"; columnType: "PgText"; data: string; driverParam: string; ... 8 more ...; generated: undefined; }, {}, {}>; ... 8 more ...; updatedAt: PgColumn<...>; }, operators: { ...; }) => ValueOrArray<.....'.
src/services/adhd/RoutineService.ts(45,21): error TS2353: Object literal may only specify known properties, and 'order' does not exist in type 'SQL<unknown> | AnyColumn'.
src/services/adhd/RoutineService.ts(45,39): error TS2353: Object literal may only specify known properties, and 'startTime' does not exist in type 'SQL<unknown> | AnyColumn'.
src/services/adhd/RoutineService.ts(54,7): error TS2322: Type '{ id: string; name: string; createdAt: Date; updatedAt: Date; userId: string; description: string | null; startTime: string; icon: string | null; category: string | null; isActive: boolean; order: number; }[]' is not assignable to type 'RoutineWithTasks[]'.
  Type '{ id: string; name: string; createdAt: Date; updatedAt: Date; userId: string; description: string | null; startTime: string; icon: string | null; category: string | null; isActive: boolean; order: number; }' is not assignable to type 'RoutineWithTasks'.
    Property 'tasks' is missing in type '{ id: string; name: string; createdAt: Date; updatedAt: Date; userId: string; description: string | null; startTime: string; icon: string | null; category: string | null; isActive: boolean; order: number; }' but required in type '{ tasks: { duration: number; id: string; name: string; createdAt: Date; updatedAt: Date; icon: string | null; order: number; routineId: string; autoContinue: boolean; notes: string | null; }[]; }'.
src/services/adhd/RoutineService.ts(74,18): error TS2353: Object literal may only specify known properties, and 'id' does not exist in type 'SQL<unknown> | ((fields: { id: PgColumn<{ name: "id"; tableName: "Routine"; dataType: "string"; columnType: "PgText"; data: string; driverParam: string; notNull: true; hasDefault: false; isPrimaryKey: true; isAutoincrement: false; ... 4 more ...; generated: undefined; }, {}, {}>; ... 9 more ...; updatedAt: PgColumn<...'.
src/services/adhd/RoutineService.ts(77,24): error TS2353: Object literal may only specify known properties, and 'order' does not exist in type 'ValueOrArray<SQL<unknown> | AnyColumn> | ((fields: { id: PgColumn<{ name: "id"; tableName: "RoutineTask"; dataType: "string"; columnType: "PgText"; data: string; driverParam: string; ... 8 more ...; generated: undefined; }, {}, {}>; ... 8 more ...; updatedAt: PgColumn<...>; }, operators: { ...; }) => ValueOrArray<.....'.
src/services/adhd/RoutineService.ts(82,7): error TS2322: Type '{ id: string; name: string; createdAt: Date; updatedAt: Date; userId: string; description: string | null; startTime: string; icon: string | null; category: string | null; isActive: boolean; order: number; } | undefined' is not assignable to type 'RoutineWithTasks | null'.
  Type 'undefined' is not assignable to type 'RoutineWithTasks | null'.
src/services/adhd/RoutineService.ts(106,18): error TS2353: Object literal may only specify known properties, and 'userId' does not exist in type 'SQL<unknown> | ((fields: { id: PgColumn<{ name: "id"; tableName: "Routine"; dataType: "string"; columnType: "PgText"; data: string; driverParam: string; notNull: true; hasDefault: false; isPrimaryKey: true; isAutoincrement: false; ... 4 more ...; generated: undefined; }, {}, {}>; ... 9 more ...; updatedAt: PgColumn<...'.
src/services/adhd/RoutineService.ts(109,24): error TS2353: Object literal may only specify known properties, and 'order' does not exist in type 'ValueOrArray<SQL<unknown> | AnyColumn> | ((fields: { id: PgColumn<{ name: "id"; tableName: "RoutineTask"; dataType: "string"; columnType: "PgText"; data: string; driverParam: string; ... 8 more ...; generated: undefined; }, {}, {}>; ... 8 more ...; updatedAt: PgColumn<...>; }, operators: { ...; }) => ValueOrArray<.....'.
src/services/adhd/RoutineService.ts(112,21): error TS2353: Object literal may only specify known properties, and 'order' does not exist in type 'SQL<unknown> | AnyColumn'.
src/services/adhd/RoutineService.ts(112,39): error TS2353: Object literal may only specify known properties, and 'startTime' does not exist in type 'SQL<unknown> | AnyColumn'.
src/services/adhd/RoutineService.ts(115,7): error TS2322: Type '{ id: string; name: string; createdAt: Date; updatedAt: Date; userId: string; description: string | null; startTime: string; icon: string | null; category: string | null; isActive: boolean; order: number; }[]' is not assignable to type 'RoutineWithTasks[]'.
  Type '{ id: string; name: string; createdAt: Date; updatedAt: Date; userId: string; description: string | null; startTime: string; icon: string | null; category: string | null; isActive: boolean; order: number; }' is not assignable to type 'RoutineWithTasks'.
    Property 'tasks' is missing in type '{ id: string; name: string; createdAt: Date; updatedAt: Date; userId: string; description: string | null; startTime: string; icon: string | null; category: string | null; isActive: boolean; order: number; }' but required in type '{ tasks: { duration: number; id: string; name: string; createdAt: Date; updatedAt: Date; icon: string | null; order: number; routineId: string; autoContinue: boolean; notes: string | null; }[]; }'.
src/services/adhd/RoutineService.ts(211,18): error TS2353: Object literal may only specify known properties, and 'id' does not exist in type 'SQL<unknown> | ((fields: { id: PgColumn<{ name: "id"; tableName: "Routine"; dataType: "string"; columnType: "PgText"; data: string; driverParam: string; notNull: true; hasDefault: false; isPrimaryKey: true; isAutoincrement: false; ... 4 more ...; generated: undefined; }, {}, {}>; ... 9 more ...; updatedAt: PgColumn<...'.
src/services/adhd/RoutineService.ts(264,7): error TS2322: Type '{ id: string; name: string; createdAt: Date; updatedAt: Date; userId: string; description: string | null; startTime: string; icon: string | null; category: string | null; isActive: boolean; order: number; tasks: { ...; }[]; } | undefined' is not assignable to type 'RoutineWithTasks'.
  Type 'undefined' is not assignable to type 'RoutineWithTasks'.
    Type 'undefined' is not assignable to type '{ id: string; name: string; createdAt: Date; updatedAt: Date; userId: string; description: string | null; startTime: string; icon: string | null; category: string | null; isActive: boolean; order: number; }'.
src/services/adhd/RoutineService.ts(286,18): error TS2353: Object literal may only specify known properties, and 'id' does not exist in type 'SQL<unknown> | ((fields: { id: PgColumn<{ name: "id"; tableName: "Routine"; dataType: "string"; columnType: "PgText"; data: string; driverParam: string; notNull: true; hasDefault: false; isPrimaryKey: true; isAutoincrement: false; ... 4 more ...; generated: undefined; }, {}, {}>; ... 9 more ...; updatedAt: PgColumn<...'.
src/services/adhd/RoutineService.ts(320,18): error TS2353: Object literal may only specify known properties, and 'id' does not exist in type 'SQL<unknown> | ((fields: { id: PgColumn<{ name: "id"; tableName: "Routine"; dataType: "string"; columnType: "PgText"; data: string; driverParam: string; notNull: true; hasDefault: false; isPrimaryKey: true; isAutoincrement: false; ... 4 more ...; generated: undefined; }, {}, {}>; ... 9 more ...; updatedAt: PgColumn<...'.
src/services/adhd/RoutineService.ts(342,32): error TS18048: 'routine' is possibly 'undefined'.
src/services/adhd/RoutineService.ts(346,7): error TS2322: Type '{ id: string; name: string; createdAt: Date; updatedAt: Date; userId: string; description: string | null; startTime: string; icon: string | null; category: string | null; isActive: boolean; order: number; tasks: { ...; }[]; } | undefined' is not assignable to type 'RoutineWithTasks'.
  Type 'undefined' is not assignable to type 'RoutineWithTasks'.
    Type 'undefined' is not assignable to type '{ id: string; name: string; createdAt: Date; updatedAt: Date; userId: string; description: string | null; startTime: string; icon: string | null; category: string | null; isActive: boolean; order: number; }'.
src/services/adhd/RoutineTrackingService.ts(141,7): error TS2322: Type '{ id: string; createdAt: Date; updatedAt: Date; userId: string; status: string; completedAt: Date | null; startedAt: Date; routineId: string; notes: string | null; ... 5 more ...; currentTaskStatus: string | null; } | undefined' is not assignable to type '{ id: string; createdAt: Date; updatedAt: Date; userId: string; status: string; completedAt: Date | null; startedAt: Date; routineId: string; notes: string | null; ... 5 more ...; currentTaskStatus: string | null; }'.
  Type 'undefined' is not assignable to type '{ id: string; createdAt: Date; updatedAt: Date; userId: string; status: string; completedAt: Date | null; startedAt: Date; routineId: string; notes: string | null; ... 5 more ...; currentTaskStatus: string | null; }'.
src/services/adhd/RoutineTrackingService.ts(197,7): error TS2322: Type '{ id: string; createdAt: Date; updatedAt: Date; userId: string; status: string; completedAt: Date | null; startedAt: Date; routineId: string; notes: string | null; ... 5 more ...; currentTaskStatus: string | null; } | undefined' is not assignable to type '{ id: string; createdAt: Date; updatedAt: Date; userId: string; status: string; completedAt: Date | null; startedAt: Date; routineId: string; notes: string | null; ... 5 more ...; currentTaskStatus: string | null; }'.
  Type 'undefined' is not assignable to type '{ id: string; createdAt: Date; updatedAt: Date; userId: string; status: string; completedAt: Date | null; startedAt: Date; routineId: string; notes: string | null; ... 5 more ...; currentTaskStatus: string | null; }'.
src/services/adhd/RoutineTrackingService.ts(248,7): error TS2322: Type '{ id: string; createdAt: Date; updatedAt: Date; userId: string; status: string; completedAt: Date | null; startedAt: Date; routineId: string; notes: string | null; ... 5 more ...; currentTaskStatus: string | null; } | undefined' is not assignable to type '{ id: string; createdAt: Date; updatedAt: Date; userId: string; status: string; completedAt: Date | null; startedAt: Date; routineId: string; notes: string | null; ... 5 more ...; currentTaskStatus: string | null; }'.
  Type 'undefined' is not assignable to type '{ id: string; createdAt: Date; updatedAt: Date; userId: string; status: string; completedAt: Date | null; startedAt: Date; routineId: string; notes: string | null; ... 5 more ...; currentTaskStatus: string | null; }'.
src/services/adhd/RoutineTrackingService.ts(273,20): error TS2353: Object literal may only specify known properties, and 'startedAt' does not exist in type 'ValueOrArray<SQL<unknown> | AnyColumn> | ((fields: { id: PgColumn<{ name: "id"; tableName: "RoutineCompletion"; dataType: "string"; columnType: "PgText"; data: string; driverParam: string; ... 8 more ...; generated: undefined; }, {}, {}>; ... 13 more ...; updatedAt: PgColumn<...>; }, operators: { ...; }) => ValueOrA...'.
src/services/adhd/RoutineTrackingService.ts(276,7): error TS2322: Type '{ id: string; createdAt: Date; updatedAt: Date; userId: string; status: string; completedAt: Date | null; startedAt: Date; routineId: string; notes: string | null; ... 5 more ...; currentTaskStatus: string | null; } | undefined' is not assignable to type '{ id: string; createdAt: Date; updatedAt: Date; userId: string; status: string; completedAt: Date | null; startedAt: Date; routineId: string; notes: string | null; ... 5 more ...; currentTaskStatus: string | null; } | null'.
  Type 'undefined' is not assignable to type '{ id: string; createdAt: Date; updatedAt: Date; userId: string; status: string; completedAt: Date | null; startedAt: Date; routineId: string; notes: string | null; ... 5 more ...; currentTaskStatus: string | null; } | null'.
src/services/adhd/RoutineTrackingService.ts(302,20): error TS2353: Object literal may only specify known properties, and 'startedAt' does not exist in type 'ValueOrArray<SQL<unknown> | AnyColumn> | ((fields: { id: PgColumn<{ name: "id"; tableName: "RoutineCompletion"; dataType: "string"; columnType: "PgText"; data: string; driverParam: string; ... 8 more ...; generated: undefined; }, {}, {}>; ... 13 more ...; updatedAt: PgColumn<...>; }, operators: { ...; }) => ValueOrA...'.
src/services/scheduling/SchedulingService.ts(297,56): error TS2345: Argument of type '{ duration: number | null; id: string; createdAt: Date; updatedAt: Date; userId: string | null; title: string; description: string | null; status: string; recurrenceRule: string | null; ... 29 more ...; isBreakTask: boolean; } | undefined' is not assignable to parameter of type '{ duration: number | null; id: string; createdAt: Date; updatedAt: Date; userId: string | null; title: string; description: string | null; status: string; recurrenceRule: string | null; ... 29 more ...; isBreakTask: boolean; }'.
  Type 'undefined' is not assignable to type '{ duration: number | null; id: string; createdAt: Date; updatedAt: Date; userId: string | null; title: string; description: string | null; status: string; recurrenceRule: string | null; ... 29 more ...; isBreakTask: boolean; }'.
src/services/scheduling/SchedulingService.ts(302,9): error TS2322: Type '{ duration: number | null; id: string; createdAt: Date; updatedAt: Date; userId: string | null; title: string; description: string | null; status: string; recurrenceRule: string | null; ... 29 more ...; isBreakTask: boolean; } | undefined' is not assignable to type '{ duration: number | null; id: string; createdAt: Date; updatedAt: Date; userId: string | null; title: string; description: string | null; status: string; recurrenceRule: string | null; ... 29 more ...; isBreakTask: boolean; } | null'.
  Type 'undefined' is not assignable to type '{ duration: number | null; id: string; createdAt: Date; updatedAt: Date; userId: string | null; title: string; description: string | null; status: string; recurrenceRule: string | null; ... 29 more ...; isBreakTask: boolean; } | null'.
src/services/scheduling/TaskSchedulingService.ts(179,21): error TS2352: Conversion of type '{ duration: number | null; id: string; createdAt: Date; updatedAt: Date; userId: string | null; title: string; description: string | null; status: string; recurrenceRule: string | null; ... 31 more ...; project: { ...; } | null; }[]' to type 'DbTaskWithRelations[]' may be a mistake because neither type sufficiently overlaps with the other. If this was intentional, convert the expression to 'unknown' first.
  Type '{ duration: number | null; id: string; createdAt: Date; updatedAt: Date; userId: string | null; title: string; description: string | null; status: string; recurrenceRule: string | null; ... 31 more ...; project: { ...; } | null; }' is not comparable to type 'DbTaskWithRelations'.
    Types of property 'tags' are incompatible.
      Type '{ taskId: string; tagId: string; }[]' is not comparable to type '{ id: string; name: string; color: string | null; userId: string | null; }[]'.
        Type '{ taskId: string; tagId: string; }' is missing the following properties from type '{ id: string; name: string; color: string | null; userId: string | null; }': id, name, color, userId
tests/google-calendar.spec.ts(4,24): error TS2307: Cannot find module '@/lib/prisma' or its corresponding type declarations.
